INFO:hyper_opt.optimizer:Running command 'main'
INFO:hyper_opt.optimizer:Started run with ID "1"
INFO:hyper_opt.optimizer:Result: 0.23877014306238808
INFO:hyper_opt.optimizer:Completed after 0:03:50
INFO:hyper_opt.optimizer:Running command 'print_config'
INFO:hyper_opt.optimizer:Started
INFO:hyper_opt.optimizer:Completed after 0:00:00
INFO:hyper_opt.optimizer:Running command 'print_config'
INFO:hyper_opt.optimizer:Started
INFO:hyper_opt.optimizer:Completed after 0:00:00
INFO:hyper_opt.optimizer:Running command 'print_config'
INFO:hyper_opt.optimizer:Started
INFO:hyper_opt.optimizer:Completed after 0:00:00
INFO:hyper_opt.optimizer:Running command 'main'
INFO:hyper_opt.optimizer:Started run with ID "2"
INFO:hyper_opt.optimizer:Result: 0.018350249465082253
INFO:hyper_opt.optimizer:Completed after 0:03:16
INFO:hyper_opt.optimizer:Running command 'main'
INFO:hyper_opt.optimizer:Started run with ID "3"
INFO:hyper_opt.optimizer:Result: 0.34648155259392166
INFO:hyper_opt.optimizer:Completed after 0:00:52
INFO:hyper_opt.optimizer:Running command 'print_config'
INFO:hyper_opt.optimizer:Started
INFO:hyper_opt.optimizer:Completed after 0:00:00
INFO:hyper_opt.optimizer:Running command 'print_config'
INFO:hyper_opt.optimizer:Started
INFO:hyper_opt.optimizer:Completed after 0:00:00
INFO:hyper_opt.optimizer:Running command 'print_config'
INFO:hyper_opt.optimizer:Started
INFO:hyper_opt.optimizer:Completed after 0:00:00
INFO:hyper_opt.optimizer:Running command 'print_config'
INFO:hyper_opt.optimizer:Started
INFO:hyper_opt.optimizer:Completed after 0:00:00
