INFO:train_opt:

INFO:train_opt:NEW RUN of OPTIMIZER EPOCHs.....
INFO:train_opt:Epoch config for opt_iter:[ 1 ]
INFO:train_opt:{'nodes_per_layer': [4, 7, 7, 4, 4, 4, 5, 9, 9, 1], 'add_cosine': False, 'train_log_dir': '/tmp/nn_dist/train_logs', 'train_tolerance': 1e-08, 'input_dim': 4, 'load_data': False, 'activation': 'Relu', 'data_features': 4, 'ps_hosts': 'localhost:2223', 'add_noise': False, 'logging_level': 'info', 'batch_size': 651, 'opt_epoch_iter': 1, 'opt_epoch': 3, 'power_method': False, 'output_dim': 1, 'opt_tolerance': 1e-05, 'train_optimizer': 'sgd', 'hidden_layer_bounds': [4, 10], 'worker_hosts': 'localhost:2225', 'data_instances': 10000, 'learning_rate': 0.00040498285677880504, 'train_epoch': 1000}
INFO:train_opt:opt_epoch_iter =========> [ 1 ] job name=ps task index=0
INFO:train_opt:[1] ps/0 ps: server join
INFO:train_opt:

INFO:train_opt:Epoch config for opt_iter:[ 2 ]
INFO:train_opt:{'worker_hosts': 'localhost:2225', 'learning_rate': 0.00025201250784043976, 'add_cosine': False, 'train_tolerance': 1e-08, 'opt_epoch': 3, 'ps_hosts': 'localhost:2223', 'data_features': 4, 'train_epoch': 1000, 'input_dim': 4, 'activation': 'tanh', 'train_log_dir': '/tmp/nn_dist/train_logs', 'data_instances': 10000, 'power_method': False, 'train_optimizer': 'Adagrad', 'logging_level': 'info', 'hidden_layer_bounds': [4, 10], 'batch_size': 897, 'opt_epoch_iter': 2, 'add_noise': False, 'load_data': False, 'opt_tolerance': 1e-05, 'nodes_per_layer': [4, 9, 6, 8, 8, 6, 8, 5, 1], 'output_dim': 1}
INFO:train_opt:opt_epoch_iter =========> [ 2 ] job name=ps task index=0
INFO:train_opt:[2] ps/0 ps: server join
INFO:train_opt:

INFO:train_opt:Epoch config for opt_iter:[ 3 ]
INFO:train_opt:{'learning_rate': 0.0001980480347370466, 'train_epoch': 1000, 'load_data': False, 'train_optimizer': 'Adagrad', 'logging_level': 'info', 'train_tolerance': 1e-08, 'nodes_per_layer': [4, 8, 7, 9, 8, 5, 8, 6, 6, 1], 'ps_hosts': 'localhost:2223', 'train_log_dir': '/tmp/nn_dist/train_logs', 'data_features': 4, 'batch_size': 825, 'hidden_layer_bounds': [4, 10], 'opt_epoch_iter': 3, 'add_cosine': False, 'add_noise': False, 'output_dim': 1, 'power_method': False, 'activation': 'Relu', 'input_dim': 4, 'opt_tolerance': 1e-05, 'worker_hosts': 'localhost:2225', 'opt_epoch': 3, 'data_instances': 10000}
INFO:train_opt:opt_epoch_iter =========> [ 3 ] job name=ps task index=0
INFO:train_opt:[3] ps/0 ps: server join
INFO:train_opt:

INFO:train_opt:NEW RUN of OPTIMIZER EPOCHs.....
INFO:train_opt:Epoch config for opt_iter:[ 1 ]
INFO:train_opt:{'train_log_dir': '/tmp/nn_dist/train_logs', 'data_instances': 10000, 'opt_epoch': 3, 'output_dim': 1, 'input_dim': 4, 'activation': 'tanh', 'power_method': False, 'nodes_per_layer': [4, 6, 8, 7, 4, 5, 9, 7, 5, 9, 1], 'worker_hosts': 'localhost:2225', 'logging_level': 'info', 'add_noise': False, 'batch_size': 528, 'data_features': 4, 'learning_rate': 0.00026975743255484104, 'opt_tolerance': 1e-05, 'hidden_layer_bounds': [4, 10], 'ps_hosts': 'localhost:2223', 'opt_epoch_iter': 1, 'load_data': False, 'train_optimizer': 'sgd', 'train_tolerance': 1e-08, 'add_cosine': False, 'train_epoch': 500}
INFO:train_opt:opt_epoch_iter =========> [ 1 ] job name=ps task index=0
INFO:train_opt:[1] ps/0 ps: server join
INFO:train_opt:

INFO:train_opt:Epoch config for opt_iter:[ 2 ]
INFO:train_opt:{'load_data': False, 'opt_epoch_iter': 2, 'train_epoch': 500, 'add_noise': False, 'nodes_per_layer': [4, 7, 9, 7, 8, 8, 1], 'ps_hosts': 'localhost:2223', 'power_method': False, 'batch_size': 690, 'data_instances': 10000, 'opt_epoch': 3, 'add_cosine': False, 'input_dim': 4, 'worker_hosts': 'localhost:2225', 'train_tolerance': 1e-08, 'train_optimizer': 'Adam', 'opt_tolerance': 1e-05, 'hidden_layer_bounds': [4, 10], 'learning_rate': 0.0005994216121138793, 'data_features': 4, 'output_dim': 1, 'activation': 'Relu', 'train_log_dir': '/tmp/nn_dist/train_logs', 'logging_level': 'info'}
INFO:train_opt:opt_epoch_iter =========> [ 2 ] job name=ps task index=0
INFO:train_opt:[2] ps/0 ps: server join
INFO:train_opt:

INFO:train_opt:Epoch config for opt_iter:[ 3 ]
INFO:train_opt:{'batch_size': 212, 'activation': 'tanh', 'input_dim': 4, 'nodes_per_layer': [4, 9, 4, 9, 9, 5, 1], 'train_tolerance': 1e-08, 'output_dim': 1, 'opt_epoch_iter': 3, 'opt_tolerance': 1e-05, 'train_optimizer': 'sgd', 'data_instances': 10000, 'opt_epoch': 3, 'train_log_dir': '/tmp/nn_dist/train_logs', 'power_method': False, 'worker_hosts': 'localhost:2225', 'data_features': 4, 'add_cosine': False, 'add_noise': False, 'hidden_layer_bounds': [4, 10], 'learning_rate': 0.0006940274886024296, 'logging_level': 'info', 'train_epoch': 500, 'load_data': False, 'ps_hosts': 'localhost:2223'}
INFO:train_opt:opt_epoch_iter =========> [ 3 ] job name=ps task index=0
INFO:train_opt:[3] ps/0 ps: server join
INFO:train_opt:

INFO:train_opt:NEW RUN of OPTIMIZER EPOCHs.....
INFO:train_opt:Epoch config for opt_iter:[ 1 ]
INFO:train_opt:{'opt_tolerance': 1e-05, 'train_tolerance': 1e-08, 'data_instances': 10000, 'opt_epoch': 3, 'hidden_layer_bounds': [2, 3], 'batch_size': 212, 'add_cosine': False, 'opt_epoch_iter': 1, 'data_features': 4, 'train_optimizer': 'Adam', 'output_dim': 1, 'input_dim': 4, 'activation': 'Relu', 'logging_level': 'info', 'train_log_dir': '/tmp/nn_dist/train_logs', 'learning_rate': 0.0008465721115629877, 'train_epoch': 100, 'nodes_per_layer': [4, 2, 2, 1], 'power_method': False, 'load_data': False, 'add_noise': False, 'ps_hosts': 'localhost:2223', 'worker_hosts': 'localhost:2225'}
INFO:train_opt:opt_epoch_iter =========> [ 1 ] job name=ps task index=0
INFO:train_opt:[1] ps/0 ps: server join
INFO:train_opt:

INFO:train_opt:Epoch config for opt_iter:[ 2 ]
INFO:train_opt:{'power_method': False, 'data_instances': 10000, 'add_noise': False, 'opt_epoch_iter': 2, 'batch_size': 487, 'nodes_per_layer': [4, 2, 2, 1], 'activation': 'tanh', 'logging_level': 'info', 'train_optimizer': 'Adam', 'opt_tolerance': 1e-05, 'hidden_layer_bounds': [2, 3], 'input_dim': 4, 'add_cosine': False, 'data_features': 4, 'ps_hosts': 'localhost:2223', 'output_dim': 1, 'opt_epoch': 3, 'learning_rate': 0.0003720502321084574, 'train_log_dir': '/tmp/nn_dist/train_logs', 'train_epoch': 100, 'train_tolerance': 1e-08, 'load_data': False, 'worker_hosts': 'localhost:2225'}
INFO:train_opt:opt_epoch_iter =========> [ 2 ] job name=ps task index=0
INFO:train_opt:[2] ps/0 ps: server join
INFO:train_opt:

INFO:train_opt:Epoch config for opt_iter:[ 3 ]
INFO:train_opt:{'ps_hosts': 'localhost:2223', 'train_epoch': 100, 'opt_epoch_iter': 3, 'learning_rate': 0.00013956708431063709, 'logging_level': 'info', 'opt_epoch': 3, 'nodes_per_layer': [4, 2, 2, 1], 'add_cosine': False, 'batch_size': 260, 'input_dim': 4, 'add_noise': False, 'activation': 'tanh', 'hidden_layer_bounds': [2, 3], 'data_features': 4, 'train_tolerance': 1e-08, 'data_instances': 10000, 'power_method': False, 'opt_tolerance': 1e-05, 'load_data': False, 'output_dim': 1, 'train_log_dir': '/tmp/nn_dist/train_logs', 'train_optimizer': 'Adagrad', 'worker_hosts': 'localhost:2225'}
INFO:train_opt:opt_epoch_iter =========> [ 3 ] job name=ps task index=0
INFO:train_opt:[3] ps/0 ps: server join
